<?xml version="1.0" encoding="UTF-8"?>
<testng-results skipped="0" failed="0" total="1" passed="1">
  <reporter-output>
  </reporter-output>
  <suite name="Default suite" duration-ms="8893" started-at="2015-05-11T16:33:37Z" finished-at="2015-05-11T16:33:46Z">
    <groups>
    </groups>
    <test name="Default test" duration-ms="8893" started-at="2015-05-11T16:33:37Z" finished-at="2015-05-11T16:33:46Z">
      <class name="com.example.tests.ContactRemovalTest">
        <test-method status="PASS" signature="setUp()[pri:0, instance:com.example.tests.ContactRemovalTest@2be94b0f]" name="setUp" is-config="true" duration-ms="7030" started-at="2015-05-11T19:33:37Z" finished-at="2015-05-11T19:33:44Z">
          <reporter-output>
          </reporter-output>
        </test-method> <!-- setUp -->
        <test-method status="PASS" signature="deleteSomeContact()[pri:0, instance:com.example.tests.ContactRemovalTest@2be94b0f]" name="deleteSomeContact" duration-ms="1593" started-at="2015-05-11T19:33:44Z" finished-at="2015-05-11T19:33:46Z">
          <reporter-output>
          </reporter-output>
        </test-method> <!-- deleteSomeContact -->
        <test-method status="PASS" signature="tearDown()[pri:0, instance:com.example.tests.ContactRemovalTest@2be94b0f]" name="tearDown" is-config="true" duration-ms="250" started-at="2015-05-11T19:33:46Z" finished-at="2015-05-11T19:33:46Z">
          <reporter-output>
          </reporter-output>
        </test-method> <!-- tearDown -->
      </class> <!-- com.example.tests.ContactRemovalTest -->
    </test> <!-- Default test -->
  </suite> <!-- Default suite -->
</testng-results>
